This is e-pTeX, Version 3.14159265-p3.7.1-161114-2.6 (utf8.euc) (TeX Live 2017/Debian) (preloaded format=platex 2018.10.12)  13 AUG 2019 14:59
entering extended mode
 restricted \write18 enabled.
 Source specials enabled.
 %&-line parsing enabled.
**4balldribbling.tex
(./4balldribbling.tex
pLaTeX2e <2017/10/28>+4 (based on LaTeX2e <2017-04-15>)
Babel <3.18> and hyphenation patterns for 84 language(s) loaded.
! Undefined control sequence.
l.1 \definecolor
                {brickred}{rgb}{0.8, 0.25, 0.33}
The control sequence at the end of the top line
of your error message was never \def'ed. If you have
misspelled it (e.g., `\hobx'), type `I' and the correct
spelling (e.g., `I\hbox'). Otherwise just continue,
and I'll forget about whatever was undefined.


! LaTeX Error: Missing \begin{document}.

See the LaTeX manual or LaTeX Companion for explanation.
Type  H <return>  for immediate help.
 ...                                              
                                                  
l.1 \definecolor{b
                  rickred}{rgb}{0.8, 0.25, 0.33}
You're in trouble here.  Try typing  <return>  to proceed.
If that doesn't work, type  X <return>  to quit.

! Undefined control sequence.
l.3 \chapter
            {Iterative Energy Shaping of a Ball--Dribbling Robot}
The control sequence at the end of the top line
of your error message was never \def'ed. If you have
misspelled it (e.g., `\hobx'), type `I' and the correct
spelling (e.g., `I\hbox'). Otherwise just continue,
and I'll forget about whatever was undefined.


Overfull \hbox (85.63904pt too wide) in paragraph at lines 1--4
[][]\OT1/cmr/m/n/10 brickredrgb0.8,
 []


Overfull \hbox (20.55562pt too wide) in paragraph at lines 1--4
\OT1/cmr/m/n/10 0.25,
 []


Overfull \hbox (17.77783pt too wide) in paragraph at lines 1--4
\OT1/cmr/m/n/10 0.33
 []


Overfull \hbox (10.83334pt too wide) in paragraph at lines 1--4
\OT1/cmr/m/n/10 It-
 []


Overfull \hbox (11.69444pt too wide) in paragraph at lines 1--4
\OT1/cmr/m/n/10 er-
 []


Overfull \hbox (8.33334pt too wide) in paragraph at lines 1--4
\OT1/cmr/m/n/10 a-
 []


Overfull \hbox (16.11115pt too wide) in paragraph at lines 1--4
\OT1/cmr/m/n/10 tive
 []


Overfull \hbox (15.69447pt too wide) in paragraph at lines 1--4
\OT1/cmr/m/n/10 En-
 []


Overfull \hbox (18.63893pt too wide) in paragraph at lines 1--4
\OT1/cmr/m/n/10 ergy
 []


Overfull \hbox (25.00006pt too wide) in paragraph at lines 1--4
\OT1/cmr/m/n/10 Shap-
 []


Overfull \hbox (13.33337pt too wide) in paragraph at lines 1--4
\OT1/cmr/m/n/10 ing
 []


Overfull \hbox (8.05559pt too wide) in paragraph at lines 1--4
\OT1/cmr/m/n/10 of
 []


Overfull \hbox (5.00002pt too wide) in paragraph at lines 1--4
\OT1/cmr/m/n/10 a
 []


Overfull \hbox (22.63896pt too wide) in paragraph at lines 1--4
\OT1/cmr/m/n/10 Ball--
 []


Overfull \hbox (41.55566pt too wide) in paragraph at lines 1--4
\OT1/cmr/m/n/10 Dribbling
 []


Overfull \hbox (27.0834pt too wide) in paragraph at lines 1--4
\OT1/cmr/m/n/10 Robot 
 []

! Undefined control sequence.
l.6 \minitoc
            
The control sequence at the end of the top line
of your error message was never \def'ed. If you have
misspelled it (e.g., `\hobx'), type `I' and the correct
spelling (e.g., `I\hbox'). Otherwise just continue,
and I'll forget about whatever was undefined.


! LaTeX Error: The font size command \normalsize is not defined:
               there is probably something wrong with the class file.

See the LaTeX manual or LaTeX Companion for explanation.
Type  H <return>  for immediate help.
 ...                                              
                                                  
l.10 \newpage
             
Your command was ignored.
Type  I <command> <return>  to replace it with another command,
or  <return>  to continue without it.

[1
! Undefined control sequence.
<write> \newlabel{chap:balldribbling}{{}{\thepage 
                                                  }}
l.10 \newpage
             
The control sequence at the end of the top line
of your error message was never \def'ed. If you have
misspelled it (e.g., `\hobx'), type `I' and the correct
spelling (e.g., `I\hbox'). Otherwise just continue,
and I'll forget about whatever was undefined.

\newlabel{chap:balldribbling}{{}{}}
]
! Undefined control sequence.
l.12 \section
             {Introduction}
The control sequence at the end of the top line
of your error message was never \def'ed. If you have
misspelled it (e.g., `\hobx'), type `I' and the correct
spelling (e.g., `I\hbox'). Otherwise just continue,
and I'll forget about whatever was undefined.


! LaTeX Error: Missing \begin{document}.

See the LaTeX manual or LaTeX Companion for explanation.
Type  H <return>  for immediate help.
 ...                                              
                                                  
l.12 \section{I
               ntroduction}
You're in trouble here.  Try typing  <return>  to proceed.
If that doesn't work, type  X <return>  to quit.

! Undefined control sequence.
l.14 \lettrine
              [lines=4]{\color{brickred}C}{hallenging} control problems are ...
The control sequence at the end of the top line
of your error message was never \def'ed. If you have
misspelled it (e.g., `\hobx'), type `I' and the correct
spelling (e.g., `I\hbox'). Otherwise just continue,
and I'll forget about whatever was undefined.

! Undefined control sequence.
l.14 \lettrine[lines=4]{\color
                              {brickred}C}{hallenging} control problems are ...
The control sequence at the end of the top line
of your error message was never \def'ed. If you have
misspelled it (e.g., `\hobx'), type `I' and the correct
spelling (e.g., `I\hbox'). Otherwise just continue,
and I'll forget about whatever was undefined.


LaTeX Font Warning: Font shape `JT1/mc/m/it' undefined
(Font)              using `JT1/mc/m/n' instead on input line 14.


LaTeX Font Warning: Font shape `JY1/mc/m/it' undefined
(Font)              using `JY1/mc/m/n' instead on input line 14.

LaTeX Font Info:    Font shape `JT1/mc/bx/n' in size <10> not available
(Font)              Font shape `JT1/gt/m/n' tried instead on input line 15.
LaTeX Font Info:    Font shape `JY1/mc/bx/n' in size <10> not available
(Font)              Font shape `JY1/gt/m/n' tried instead on input line 15.
! Undefined control sequence.
<write> ...erence `fig:bdcatchy' on page \thepage 
                                                  \space undefined\on@line .^^J
l.15 ...stem is given in Figure \ref{fig:bdcatchy}
                                                  .
The control sequence at the end of the top line
of your error message was never \def'ed. If you have
misspelled it (e.g., `\hobx'), type `I' and the correct
spelling (e.g., `I\hbox'). Otherwise just continue,
and I'll forget about whatever was undefined.


LaTeX Warning: Reference `fig:bdcatchy' on page  undefined on input line 15.


! LaTeX Error: Environment figure undefined.

See the LaTeX manual or LaTeX Companion for explanation.
Type  H <return>  for immediate help.
 ...                                              
                                                  
l.17 \begin{figure}
                   [!ht]
Your command was ignored.
Type  I <command> <return>  to replace it with another command,
or  <return>  to continue without it.


! LaTeX Error: File `Drawings/catchybb.tex' not found.

Type X to quit or <RETURN> to proceed,
or enter new name. (Default extension: tex)

Enter file name: 
! Emergency stop.
<read *> 
         
l.20 ^^I\input{Drawings/catchybb.tex}
                                     ^^M
*** (cannot \read from terminal in nonstop modes)

 
Here is how much of TeX's memory you used:
 19 strings out of 493640
 245 string characters out of 6150527
 55258 words of memory out of 5000000
 3713 multiletter control sequences out of 15000+600000
 8165 words of font info for 33 fonts, out of 8000000 for 9000
 929 hyphenation exceptions out of 8191
 20i,4n,17p,281b,109s stack positions out of 5000i,500n,10000p,200000b,80000s
Output written on 4balldribbling.dvi (1 page, 352 bytes).
